<?xml version="1.0" encoding="UTF-8"?>
<!-- Generated by org.testng.reporters.JUnitReportReporter -->
<testsuite hostname="LAPTOP-F60N0IOQ" failures="0" tests="1" name="com.ecommerce.test.FBRegistration" time="4.810" errors="0" timestamp="2023-07-20T09:41:54 IST" skipped="0">
  <testcase classname="com.ecommerce.test.FBRegistration" name="f" time="4.810"/>
</testsuite> <!-- com.ecommerce.test.FBRegistration -->
