<?xml version="1.0" encoding="UTF-8"?>
<!-- Generated by org.testng.reporters.JUnitReportReporter -->
<testsuite hostname="LAPTOP-F60N0IOQ" failures="0" tests="6" name="com.ecommerce.test.ParalellTest" time="32.093" errors="0" timestamp="2023-07-20T11:48:55 IST" skipped="0">
  <testcase classname="com.ecommerce.test.ParalellTest" name="googleWebsiteTitle" time="4.874"/>
  <testcase classname="com.ecommerce.test.ParalellTest" name="f1" time="0.066"/>
  <testcase classname="com.ecommerce.test.ParalellTest" name="googleAccCreation" time="7.417"/>
  <testcase classname="com.ecommerce.test.ParalellTest" name="googleAccCreation" time="0.966"/>
  <testcase classname="com.ecommerce.test.ParalellTest" name="f2" time="0.001"/>
  <testcase classname="com.ecommerce.test.ParalellTest" name="facebookAccCreation" time="18.769"/>
</testsuite> <!-- com.ecommerce.test.ParalellTest -->
